<?xml version="1.0" encoding="UTF-8"?>
<testsuite name="com.makingdevs.business.MyMathSpec" tests="1" skipped="0" failures="1" errors="0" timestamp="2016-11-26T18:48:00" hostname="carlosins" time="1.02">
  <properties/>
  <testcase name="get the prime numbers until" classname="com.makingdevs.business.MyMathSpec" time="1.02">
    <failure message="Condition not satisfied:&#10;&#10;sequence==[2,3,5,7]&#10;|       |&#10;null    false&#10;" type="org.spockframework.runtime.SpockComparisonFailure">Condition not satisfied:

sequence==[2,3,5,7]
|       |
null    false

	at com.makingdevs.business.MyMathSpec.get the prime numbers until(MyMathSpec.groovy:23)
</failure>
  </testcase>
  <system-out><![CDATA[]]></system-out>
  <system-err><![CDATA[Nov 26, 2016 12:48:00 PM org.springframework.test.context.support.DefaultTestContextBootstrapper getDefaultTestExecutionListenerClassNames
INFO: Loaded default TestExecutionListener class names from location [META-INF/spring.factories]: [org.springframework.test.context.web.ServletTestExecutionListener, org.springframework.test.context.support.DirtiesContextBeforeModesTestExecutionListener, org.springframework.test.context.support.DependencyInjectionTestExecutionListener, org.springframework.test.context.support.DirtiesContextTestExecutionListener, org.springframework.test.context.transaction.TransactionalTestExecutionListener, org.springframework.test.context.jdbc.SqlScriptsTestExecutionListener]
Nov 26, 2016 12:48:00 PM org.springframework.test.context.support.DefaultTestContextBootstrapper instantiateListeners
INFO: Could not instantiate TestExecutionListener [org.springframework.test.context.jdbc.SqlScriptsTestExecutionListener]. Specify custom listener classes or make the default listener classes (and their required dependencies) available. Offending class: [org/springframework/transaction/interceptor/TransactionAttribute]
Nov 26, 2016 12:48:00 PM org.springframework.test.context.support.DefaultTestContextBootstrapper instantiateListeners
INFO: Could not instantiate TestExecutionListener [org.springframework.test.context.web.ServletTestExecutionListener]. Specify custom listener classes or make the default listener classes (and their required dependencies) available. Offending class: [javax/servlet/ServletContext]
Nov 26, 2016 12:48:00 PM org.springframework.test.context.support.DefaultTestContextBootstrapper instantiateListeners
INFO: Could not instantiate TestExecutionListener [org.springframework.test.context.transaction.TransactionalTestExecutionListener]. Specify custom listener classes or make the default listener classes (and their required dependencies) available. Offending class: [org/springframework/transaction/TransactionDefinition]
Nov 26, 2016 12:48:00 PM org.springframework.test.context.support.DefaultTestContextBootstrapper getTestExecutionListeners
INFO: Using TestExecutionListeners: [org.springframework.test.context.support.DirtiesContextBeforeModesTestExecutionListener@2de10a5c, org.springframework.test.context.support.DependencyInjectionTestExecutionListener@3b0e8ff1, org.springframework.test.context.support.DirtiesContextTestExecutionListener@426e7454]
Nov 26, 2016 12:48:01 PM org.springframework.context.support.GenericApplicationContext prepareRefresh
INFO: Refreshing org.springframework.context.support.GenericApplicationContext@4506fc9f: startup date [Sat Nov 26 12:48:01 CST 2016]; root of context hierarchy
SLF4J: Failed to load class "org.slf4j.impl.StaticLoggerBinder".
SLF4J: Defaulting to no-operation (NOP) logger implementation
SLF4J: See http://www.slf4j.org/codes.html#StaticLoggerBinder for further details.
]]></system-err>
</testsuite>
